2024-01-17 16:14:05,543 [DEBUG]  Sanic-CORS: Configuring CORS with resources: {'/*': {'origins': [''], 'methods': 'DELETE, GET, HEAD, OPTIONS, PATCH, POST, PUT', 'allow_headers': ['.*'], 'expose_headers': 'filename', 'supports_credentials': True, 'max_age': None, 'send_wildcard': False, 'automatic_options': True, 'vary_header': True, 'resources': {'/*': {'origins': ''}}, 'intercept_exceptions': True, 'always_send': True}}
2024-01-17 16:14:05,555 [DEBUG]  Available web server routes: 
/webhooks/rasa                                     GET                            rasa_core_no_api.custom_webhook_RasaChatInput.health
/webhooks/rasa/webhook                             POST                           rasa_core_no_api.custom_webhook_RasaChatInput.receive
/webhooks/rest                                     GET                            rasa_core_no_api.custom_webhook_RestInput.health
/webhooks/rest/webhook                             POST                           rasa_core_no_api.custom_webhook_RestInput.receive
/socket.io                                         GET                            rasa_core_no_api.handle_request
/                                                  GET                            rasa_core_no_api.hello
/webhooks/socketio                                 GET                            rasa_core_no_api.socketio_webhook.health
2024-01-17 16:14:05,556 [INFO ]  Starting Rasa server on http://0.0.0.0:5005
2024-01-17 16:14:05,557 [DEBUG]  Using the default number of Sanic workers (1).
2024-01-17 16:14:06,274 [DEBUG]  Skipping telemetry reporting: no license hash found.
2024-01-17 16:14:06,302 [DEBUG]  Connected to InMemoryTrackerStore.
2024-01-17 16:14:06,303 [DEBUG]  Connected to lock store 'InMemoryLockStore'.
2024-01-17 16:14:06,303 [DEBUG]  Instantiated NLG to 'TemplatedNaturalLanguageGenerator'.
2024-01-17 16:14:06,306 [INFO ]  Loading model models\20240117-161343-arid-oblique.tar.gz...
2024-01-17 16:14:06,481 [DEBUG]  Extracted model to 'C:\Users\Hello\AppData\Local\Temp\tmp0zv6_fax'.
2024-01-17 16:14:06,488 [DEBUG]  Node 'nlu_message_converter' loading 'NLUMessageConverter.load' and kwargs: '{}'.
2024-01-17 16:14:06,488 [DEBUG]  Node 'run_WhitespaceTokenizer0' loading 'WhitespaceTokenizer.load' and kwargs: '{}'.
2024-01-17 16:14:06,490 [DEBUG]  Node 'run_RegexFeaturizer1' loading 'RegexFeaturizer.load' and kwargs: '{}'.
2024-01-17 16:14:06,491 [DEBUG]  Resource 'train_RegexFeaturizer1' was requested for reading.
2024-01-17 16:14:06,491 [DEBUG]  Node 'run_LexicalSyntacticFeaturizer2' loading 'LexicalSyntacticFeaturizer.load' and kwargs: '{}'.
2024-01-17 16:14:06,491 [DEBUG]  Resource 'train_LexicalSyntacticFeaturizer2' was requested for reading.
2024-01-17 16:14:06,493 [DEBUG]  Node 'run_CountVectorsFeaturizer3' loading 'CountVectorsFeaturizer.load' and kwargs: '{}'.
2024-01-17 16:14:06,493 [DEBUG]  Resource 'train_CountVectorsFeaturizer3' was requested for reading.
2024-01-17 16:14:06,494 [DEBUG]  Node 'run_CountVectorsFeaturizer4' loading 'CountVectorsFeaturizer.load' and kwargs: '{}'.
2024-01-17 16:14:06,495 [DEBUG]  Resource 'train_CountVectorsFeaturizer4' was requested for reading.
2024-01-17 16:14:06,497 [DEBUG]  Node 'run_DIETClassifier5' loading 'DIETClassifier.load' and kwargs: '{}'.
2024-01-17 16:14:06,497 [DEBUG]  Resource 'train_DIETClassifier5' was requested for reading.
2024-01-17 16:14:06,497 [DEBUG]  Failed to load ABCMeta from model storage. Resource 'train_DIETClassifier5' doesn't exist.
2024-01-17 16:14:06,498 [DEBUG]  Node 'run_EntitySynonymMapper6' loading 'EntitySynonymMapper.load' and kwargs: '{}'.
2024-01-17 16:14:06,498 [DEBUG]  Resource 'train_EntitySynonymMapper6' was requested for reading.
2024-01-17 16:14:06,499 [DEBUG]  Failed to load ABCMeta from model storage. Resource 'train_EntitySynonymMapper6' doesn't exist.
2024-01-17 16:14:06,499 [DEBUG]  Node 'run_ResponseSelector7' loading 'ResponseSelector.load' and kwargs: '{}'.
2024-01-17 16:14:06,500 [DEBUG]  Resource 'train_ResponseSelector7' was requested for reading.
2024-01-17 16:14:06,500 [DEBUG]  Failed to load ABCMeta from model storage. Resource 'train_ResponseSelector7' doesn't exist.
2024-01-17 16:14:06,501 [DEBUG]  Resource 'train_ResponseSelector7' was requested for reading.
2024-01-17 16:14:06,501 [DEBUG]  Failed to load ResponseSelector from model storage. Resource 'train_ResponseSelector7' doesn't exist.
2024-01-17 16:14:06,502 [DEBUG]  Node 'run_LanguageModelFeaturizer8' loading 'LanguageModelFeaturizer.load' and kwargs: '{}'.
2024-01-17 16:14:06,786 [DEBUG]  Loading Tokenizer and Model for bert
2024-01-17 16:14:06,788 [DEBUG]  Starting new HTTPS connection (1): huggingface.co:443
2024-01-17 16:14:07,100 [DEBUG]  https://huggingface.co:443 "HEAD /rasa/LaBSE/resolve/main/vocab.txt HTTP/1.1" 200 0
2024-01-17 16:14:08,152 [DEBUG]  https://huggingface.co:443 "HEAD /rasa/LaBSE/resolve/main/config.json HTTP/1.1" 200 0
2024-01-17 16:14:12,446 [DEBUG]  Node 'run_FallbackClassifier9' loading 'FallbackClassifier.load' and kwargs: '{}'.
2024-01-17 16:14:12,448 [DEBUG]  Node 'run_RegexMessageHandler' loading 'RegexMessageHandler.load' and kwargs: '{}'.
2024-01-17 16:14:12,449 [DEBUG]  Node 'domain_provider' loading 'DomainProvider.load' and kwargs: '{}'.
2024-01-17 16:14:12,449 [DEBUG]  Resource 'domain_provider' was requested for reading.
2024-01-17 16:14:12,509 [DEBUG]  Node 'tracker_to_message_converter' loading 'CoreFeaturizationInputConverter.load' and kwargs: '{}'.
2024-01-17 16:14:12,509 [DEBUG]  Node 'e2e_run_WhitespaceTokenizer0' loading 'WhitespaceTokenizer.load' and kwargs: '{}'.
2024-01-17 16:14:12,510 [DEBUG]  Node 'e2e_run_RegexFeaturizer1' loading 'RegexFeaturizer.load' and kwargs: '{}'.
2024-01-17 16:14:12,513 [DEBUG]  Resource 'train_RegexFeaturizer1' was requested for reading.
2024-01-17 16:14:12,514 [DEBUG]  Node 'e2e_run_LexicalSyntacticFeaturizer2' loading 'LexicalSyntacticFeaturizer.load' and kwargs: '{}'.
2024-01-17 16:14:12,514 [DEBUG]  Resource 'train_LexicalSyntacticFeaturizer2' was requested for reading.
2024-01-17 16:14:12,515 [DEBUG]  Node 'e2e_run_CountVectorsFeaturizer3' loading 'CountVectorsFeaturizer.load' and kwargs: '{}'.
2024-01-17 16:14:12,515 [DEBUG]  Resource 'train_CountVectorsFeaturizer3' was requested for reading.
2024-01-17 16:14:12,516 [DEBUG]  Node 'e2e_run_CountVectorsFeaturizer4' loading 'CountVectorsFeaturizer.load' and kwargs: '{}'.
2024-01-17 16:14:12,516 [DEBUG]  Resource 'train_CountVectorsFeaturizer4' was requested for reading.
2024-01-17 16:14:12,518 [DEBUG]  Node 'e2e_run_LanguageModelFeaturizer8' loading 'LanguageModelFeaturizer.load' and kwargs: '{}'.
2024-01-17 16:14:12,518 [DEBUG]  Loading Tokenizer and Model for bert
2024-01-17 16:14:12,741 [DEBUG]  https://huggingface.co:443 "HEAD /rasa/LaBSE/resolve/main/vocab.txt HTTP/1.1" 200 0
2024-01-17 16:14:13,528 [DEBUG]  https://huggingface.co:443 "HEAD /rasa/LaBSE/resolve/main/config.json HTTP/1.1" 200 0
2024-01-17 16:14:18,489 [DEBUG]  Node 'end_to_end_features_provider' loading 'CoreFeaturizationCollector.load' and kwargs: '{}'.
2024-01-17 16:14:18,492 [DEBUG]  Node 'run_MemoizationPolicy0' loading 'MemoizationPolicy.load' and kwargs: '{}'.
2024-01-17 16:14:18,492 [DEBUG]  Resource 'train_MemoizationPolicy0' was requested for reading.
2024-01-17 16:14:18,494 [DEBUG]  Node 'run_RulePolicy1' loading 'RulePolicy.load' and kwargs: '{}'.
2024-01-17 16:14:18,494 [DEBUG]  Resource 'train_RulePolicy1' was requested for reading.
2024-01-17 16:14:18,495 [DEBUG]  Node 'run_UnexpecTEDIntentPolicy2' loading 'UnexpecTEDIntentPolicy.load' and kwargs: '{}'.
2024-01-17 16:14:18,495 [DEBUG]  Resource 'train_UnexpecTEDIntentPolicy2' was requested for reading.
2024-01-17 16:14:18,495 [DEBUG]  Failed to load ABCMeta from model storage. Resource 'train_UnexpecTEDIntentPolicy2' doesn't exist.
2024-01-17 16:14:18,496 [WARNI]  The UnexpecTED Intent Policy is currently experimental and might change or be removed in the future 🔬 Please share your feedback on it in the forum (https://forum.rasa.com) to help us make this feature ready for production.
2024-01-17 16:14:18,496 [DEBUG]  Node 'run_TEDPolicy3' loading 'TEDPolicy.load' and kwargs: '{}'.
2024-01-17 16:14:18,496 [DEBUG]  Resource 'train_TEDPolicy3' was requested for reading.
2024-01-17 16:14:18,499 [DEBUG]  Loading the model from C:\Users\Hello\AppData\Local\Temp\tmpg_lwrpg2\train_TEDPolicy3\ted_policy.tf_model with finetune_mode=False...
2024-01-17 16:14:41,259 [DEBUG]  Finished loading the model.
2024-01-17 16:14:41,260 [DEBUG]  Node 'rule_only_data_provider' loading 'RuleOnlyDataProvider.load' and kwargs: '{}'.
2024-01-17 16:14:41,260 [DEBUG]  Resource 'train_RulePolicy1' was requested for reading.
2024-01-17 16:14:41,261 [DEBUG]  Node 'select_prediction' loading 'DefaultPolicyPredictionEnsemble.load' and kwargs: '{}'.
2024-01-17 16:14:41,266 [INFO ]  Rasa server is up and running.
2024-01-17 16:14:41,267 [INFO ]  Enabling coroutine debugging. Loop id 2392293962824.
